{"/Users/satyamkumarnavneet/Documents/Satyam-Documents/Company-Assignments/Invoice-service/invoice-report-system/src/app.controller.ts": {"path":"/Users/satyamkumarnavneet/Documents/Satyam-Documents/Company-Assignments/Invoice-service/invoice-report-system/src/app.controller.ts","statementMap":{"0":{"start":{"line":1,"column":0},"end":{"line":1,"column":49}},"1":{"start":{"line":2,"column":0},"end":{"line":2,"column":43}},"2":{"start":{"line":5,"column":7},"end":{"line":12,"column":null}},"3":{"start":{"line":6,"column":31},"end":{"line":6,"column":43}},"4":{"start":{"line":10,"column":4},"end":{"line":10,"column":38}},"5":{"start":{"line":5,"column":13},"end":{"line":5,"column":26}},"6":{"start":{"line":9,"column":2},"end":{"line":11,"column":null}},"7":{"start":{"line":5,"column":13},"end":{"line":12,"column":null}}},"fnMap":{"0":{"name":"(anonymous_2)","decl":{"start":{"line":6,"column":2},"end":{"line":6,"column":31}},"loc":{"start":{"line":6,"column":53},"end":{"line":6,"column":57}}},"1":{"name":"(anonymous_3)","decl":{"start":{"line":9,"column":2},"end":{"line":9,"column":10}},"loc":{"start":{"line":9,"column":10},"end":{"line":11,"column":3}}}},"branchMap":{},"s":{"0":1,"1":1,"2":1,"3":1,"4":1,"5":1,"6":1,"7":1},"f":{"0":1,"1":1},"b":{}}
,"/Users/satyamkumarnavneet/Documents/Satyam-Documents/Company-Assignments/Invoice-service/invoice-report-system/src/app.module.ts": {"path":"/Users/satyamkumarnavneet/Documents/Satyam-Documents/Company-Assignments/Invoice-service/invoice-report-system/src/app.module.ts","statementMap":{"0":{"start":{"line":1,"column":0},"end":{"line":1,"column":40}},"1":{"start":{"line":2,"column":0},"end":{"line":2,"column":50}},"2":{"start":{"line":3,"column":0},"end":{"line":3,"column":57}},"3":{"start":{"line":4,"column":0},"end":{"line":4,"column":51}},"4":{"start":{"line":5,"column":0},"end":{"line":5,"column":60}},"5":{"start":{"line":15,"column":7},"end":{"line":15,"column":null}},"6":{"start":{"line":15,"column":13},"end":{"line":15,"column":22}},"7":{"start":{"line":15,"column":13},"end":{"line":15,"column":null}}},"fnMap":{},"branchMap":{},"s":{"0":0,"1":0,"2":0,"3":0,"4":0,"5":0,"6":0,"7":0},"f":{},"b":{}}
,"/Users/satyamkumarnavneet/Documents/Satyam-Documents/Company-Assignments/Invoice-service/invoice-report-system/src/app.service.ts": {"path":"/Users/satyamkumarnavneet/Documents/Satyam-Documents/Company-Assignments/Invoice-service/invoice-report-system/src/app.service.ts","statementMap":{"0":{"start":{"line":1,"column":0},"end":{"line":1,"column":44}},"1":{"start":{"line":4,"column":7},"end":{"line":8,"column":null}},"2":{"start":{"line":6,"column":4},"end":{"line":6,"column":26}},"3":{"start":{"line":4,"column":13},"end":{"line":4,"column":23}},"4":{"start":{"line":4,"column":13},"end":{"line":8,"column":null}}},"fnMap":{"0":{"name":"(anonymous_1)","decl":{"start":{"line":5,"column":2},"end":{"line":5,"column":10}},"loc":{"start":{"line":5,"column":10},"end":{"line":7,"column":3}}}},"branchMap":{},"s":{"0":1,"1":1,"2":1,"3":1,"4":1},"f":{"0":1},"b":{}}
,"/Users/satyamkumarnavneet/Documents/Satyam-Documents/Company-Assignments/Invoice-service/invoice-report-system/src/main.ts": {"path":"/Users/satyamkumarnavneet/Documents/Satyam-Documents/Company-Assignments/Invoice-service/invoice-report-system/src/main.ts","statementMap":{"0":{"start":{"line":1,"column":0},"end":{"line":1,"column":43}},"1":{"start":{"line":2,"column":0},"end":{"line":2,"column":41}},"2":{"start":{"line":5,"column":14},"end":{"line":5,"column":49}},"3":{"start":{"line":6,"column":2},"end":{"line":6,"column":25}},"4":{"start":{"line":8,"column":0},"end":{"line":8,"column":12}}},"fnMap":{"0":{"name":"bootstrap","decl":{"start":{"line":4,"column":15},"end":{"line":4,"column":24}},"loc":{"start":{"line":4,"column":24},"end":{"line":7,"column":1}}}},"branchMap":{},"s":{"0":0,"1":0,"2":0,"3":0,"4":0},"f":{"0":0},"b":{}}
,"/Users/satyamkumarnavneet/Documents/Satyam-Documents/Company-Assignments/Invoice-service/invoice-report-system/src/email-sender/email-sender.controller.ts": {"path":"/Users/satyamkumarnavneet/Documents/Satyam-Documents/Company-Assignments/Invoice-service/invoice-report-system/src/email-sender/email-sender.controller.ts","statementMap":{"0":{"start":{"line":1,"column":0},"end":{"line":1,"column":49}},"1":{"start":{"line":2,"column":0},"end":{"line":2,"column":60}},"2":{"start":{"line":5,"column":7},"end":{"line":21,"column":null}},"3":{"start":{"line":6,"column":31},"end":{"line":6,"column":51}},"4":{"start":{"line":11,"column":19},"end":{"line":17,"column":6}},"5":{"start":{"line":18,"column":4},"end":{"line":18,"column":63}},"6":{"start":{"line":19,"column":4},"end":{"line":19,"column":55}},"7":{"start":{"line":5,"column":13},"end":{"line":5,"column":34}},"8":{"start":{"line":9,"column":8},"end":{"line":20,"column":null}},"9":{"start":{"line":5,"column":13},"end":{"line":21,"column":null}}},"fnMap":{"0":{"name":"(anonymous_2)","decl":{"start":{"line":6,"column":2},"end":{"line":6,"column":31}},"loc":{"start":{"line":6,"column":69},"end":{"line":6,"column":73}}},"1":{"name":"(anonymous_3)","decl":{"start":{"line":9,"column":2},"end":{"line":9,"column":7}},"loc":{"start":{"line":9,"column":24},"end":{"line":20,"column":3}}}},"branchMap":{},"s":{"0":0,"1":0,"2":0,"3":0,"4":0,"5":0,"6":0,"7":0,"8":0,"9":0},"f":{"0":0,"1":0},"b":{}}
,"/Users/satyamkumarnavneet/Documents/Satyam-Documents/Company-Assignments/Invoice-service/invoice-report-system/src/email-sender/email-sender.module.ts": {"path":"/Users/satyamkumarnavneet/Documents/Satyam-Documents/Company-Assignments/Invoice-service/invoice-report-system/src/email-sender/email-sender.module.ts","statementMap":{"0":{"start":{"line":1,"column":0},"end":{"line":1,"column":40}},"1":{"start":{"line":2,"column":0},"end":{"line":2,"column":60}},"2":{"start":{"line":3,"column":0},"end":{"line":3,"column":66}},"3":{"start":{"line":10,"column":7},"end":{"line":10,"column":null}},"4":{"start":{"line":10,"column":13},"end":{"line":10,"column":30}},"5":{"start":{"line":10,"column":13},"end":{"line":10,"column":null}}},"fnMap":{},"branchMap":{},"s":{"0":0,"1":0,"2":0,"3":0,"4":0,"5":0},"f":{},"b":{}}
,"/Users/satyamkumarnavneet/Documents/Satyam-Documents/Company-Assignments/Invoice-service/invoice-report-system/src/email-sender/email-sender.service.ts": {"path":"/Users/satyamkumarnavneet/Documents/Satyam-Documents/Company-Assignments/Invoice-service/invoice-report-system/src/email-sender/email-sender.service.ts","statementMap":{"0":{"start":{"line":1,"column":0},"end":{"line":1,"column":44}},"1":{"start":{"line":4,"column":7},"end":{"line":9,"column":null}},"2":{"start":{"line":7,"column":4},"end":{"line":7,"column":54}},"3":{"start":{"line":4,"column":13},"end":{"line":4,"column":31}},"4":{"start":{"line":4,"column":13},"end":{"line":9,"column":null}}},"fnMap":{"0":{"name":"(anonymous_1)","decl":{"start":{"line":5,"column":2},"end":{"line":5,"column":7}},"loc":{"start":{"line":5,"column":40},"end":{"line":8,"column":3}}}},"branchMap":{},"s":{"0":0,"1":0,"2":0,"3":0,"4":0},"f":{"0":0},"b":{}}
,"/Users/satyamkumarnavneet/Documents/Satyam-Documents/Company-Assignments/Invoice-service/invoice-report-system/src/invoice/invoice.controller.ts": {"path":"/Users/satyamkumarnavneet/Documents/Satyam-Documents/Company-Assignments/Invoice-service/invoice-report-system/src/invoice/invoice.controller.ts","statementMap":{"0":{"start":{"line":1,"column":0},"end":{"line":1,"column":75}},"1":{"start":{"line":2,"column":0},"end":{"line":2,"column":51}},"2":{"start":{"line":3,"column":0},"end":{"line":3,"column":60}},"3":{"start":{"line":6,"column":7},"end":{"line":26,"column":null}},"4":{"start":{"line":7,"column":31},"end":{"line":7,"column":47}},"5":{"start":{"line":11,"column":4},"end":{"line":11,"column":56}},"6":{"start":{"line":16,"column":4},"end":{"line":18,"column":5}},"7":{"start":{"line":17,"column":6},"end":{"line":17,"column":89}},"8":{"start":{"line":19,"column":4},"end":{"line":19,"column":41}},"9":{"start":{"line":24,"column":4},"end":{"line":24,"column":44}},"10":{"start":{"line":6,"column":13},"end":{"line":6,"column":30}},"11":{"start":{"line":10,"column":8},"end":{"line":12,"column":null}},"12":{"start":{"line":15,"column":8},"end":{"line":20,"column":null}},"13":{"start":{"line":23,"column":8},"end":{"line":25,"column":null}},"14":{"start":{"line":6,"column":13},"end":{"line":26,"column":null}}},"fnMap":{"0":{"name":"(anonymous_4)","decl":{"start":{"line":7,"column":2},"end":{"line":7,"column":31}},"loc":{"start":{"line":7,"column":61},"end":{"line":7,"column":65}}},"1":{"name":"(anonymous_5)","decl":{"start":{"line":10,"column":2},"end":{"line":10,"column":7}},"loc":{"start":{"line":10,"column":57},"end":{"line":12,"column":3}}},"2":{"name":"(anonymous_6)","decl":{"start":{"line":15,"column":2},"end":{"line":15,"column":7}},"loc":{"start":{"line":15,"column":88},"end":{"line":20,"column":3}}},"3":{"name":"(anonymous_7)","decl":{"start":{"line":23,"column":2},"end":{"line":23,"column":7}},"loc":{"start":{"line":23,"column":39},"end":{"line":25,"column":3}}}},"branchMap":{"0":{"loc":{"start":{"line":16,"column":4},"end":{"line":18,"column":5}},"type":"if","locations":[{"start":{"line":16,"column":4},"end":{"line":18,"column":5}}]},"1":{"loc":{"start":{"line":16,"column":8},"end":{"line":16,"column":28}},"type":"binary-expr","locations":[{"start":{"line":16,"column":8},"end":{"line":16,"column":17}},{"start":{"line":16,"column":21},"end":{"line":16,"column":28}}]}},"s":{"0":0,"1":0,"2":0,"3":0,"4":0,"5":0,"6":0,"7":0,"8":0,"9":0,"10":0,"11":0,"12":0,"13":0,"14":0},"f":{"0":0,"1":0,"2":0,"3":0},"b":{"0":[0],"1":[0,0]}}
,"/Users/satyamkumarnavneet/Documents/Satyam-Documents/Company-Assignments/Invoice-service/invoice-report-system/src/invoice/invoice.module.ts": {"path":"/Users/satyamkumarnavneet/Documents/Satyam-Documents/Company-Assignments/Invoice-service/invoice-report-system/src/invoice/invoice.module.ts","statementMap":{"0":{"start":{"line":1,"column":0},"end":{"line":1,"column":40}},"1":{"start":{"line":2,"column":0},"end":{"line":2,"column":50}},"2":{"start":{"line":3,"column":0},"end":{"line":3,"column":51}},"3":{"start":{"line":4,"column":0},"end":{"line":4,"column":57}},"4":{"start":{"line":13,"column":7},"end":{"line":13,"column":null}},"5":{"start":{"line":13,"column":13},"end":{"line":13,"column":26}},"6":{"start":{"line":13,"column":13},"end":{"line":13,"column":null}}},"fnMap":{},"branchMap":{},"s":{"0":0,"1":0,"2":0,"3":0,"4":0,"5":0,"6":0},"f":{},"b":{}}
,"/Users/satyamkumarnavneet/Documents/Satyam-Documents/Company-Assignments/Invoice-service/invoice-report-system/src/invoice/invoice.service.ts": {"path":"/Users/satyamkumarnavneet/Documents/Satyam-Documents/Company-Assignments/Invoice-service/invoice-report-system/src/invoice/invoice.service.ts","statementMap":{"0":{"start":{"line":1,"column":0},"end":{"line":1,"column":44}},"1":{"start":{"line":2,"column":0},"end":{"line":2,"column":47}},"2":{"start":{"line":3,"column":0},"end":{"line":3,"column":33}},"3":{"start":{"line":8,"column":7},"end":{"line":32,"column":null}},"4":{"start":{"line":9,"column":55},"end":{"line":9,"column":69}},"5":{"start":{"line":12,"column":27},"end":{"line":12,"column":66}},"6":{"start":{"line":13,"column":4},"end":{"line":13,"column":33}},"7":{"start":{"line":17,"column":4},"end":{"line":17,"column":43}},"8":{"start":{"line":21,"column":4},"end":{"line":21,"column":49}},"9":{"start":{"line":25,"column":4},"end":{"line":30,"column":14}},"10":{"start":{"line":8,"column":13},"end":{"line":8,"column":27}},"11":{"start":{"line":8,"column":13},"end":{"line":32,"column":null}}},"fnMap":{"0":{"name":"(anonymous_4)","decl":{"start":{"line":9,"column":2},"end":{"line":9,"column":15}},"loc":{"start":{"line":9,"column":83},"end":{"line":9,"column":87}}},"1":{"name":"(anonymous_5)","decl":{"start":{"line":11,"column":2},"end":{"line":11,"column":7}},"loc":{"start":{"line":11,"column":49},"end":{"line":14,"column":3}}},"2":{"name":"(anonymous_6)","decl":{"start":{"line":16,"column":2},"end":{"line":16,"column":7}},"loc":{"start":{"line":16,"column":15},"end":{"line":18,"column":3}}},"3":{"name":"(anonymous_7)","decl":{"start":{"line":20,"column":2},"end":{"line":20,"column":7}},"loc":{"start":{"line":20,"column":27},"end":{"line":22,"column":3}}},"4":{"name":"(anonymous_8)","decl":{"start":{"line":24,"column":2},"end":{"line":24,"column":7}},"loc":{"start":{"line":24,"column":54},"end":{"line":31,"column":3}}}},"branchMap":{},"s":{"0":0,"1":0,"2":0,"3":0,"4":0,"5":0,"6":0,"7":0,"8":0,"9":0,"10":0,"11":0},"f":{"0":0,"1":0,"2":0,"3":0,"4":0},"b":{}}
,"/Users/satyamkumarnavneet/Documents/Satyam-Documents/Company-Assignments/Invoice-service/invoice-report-system/src/invoice/dto/create-invoice.dto.ts": {"path":"/Users/satyamkumarnavneet/Documents/Satyam-Documents/Company-Assignments/Invoice-service/invoice-report-system/src/invoice/dto/create-invoice.dto.ts","statementMap":{"0":{"start":{"line":1,"column":0},"end":{"line":1,"column":13}}},"fnMap":{},"branchMap":{},"s":{"0":0},"f":{},"b":{}}
,"/Users/satyamkumarnavneet/Documents/Satyam-Documents/Company-Assignments/Invoice-service/invoice-report-system/src/invoice/schemas/invoice.schema.ts": {"path":"/Users/satyamkumarnavneet/Documents/Satyam-Documents/Company-Assignments/Invoice-service/invoice-report-system/src/invoice/schemas/invoice.schema.ts","statementMap":{"0":{"start":{"line":1,"column":0},"end":{"line":1,"column":63}},"1":{"start":{"line":2,"column":0},"end":{"line":2,"column":36}},"2":{"start":{"line":5,"column":7},"end":{"line":20,"column":null}},"3":{"start":{"line":5,"column":13},"end":{"line":5,"column":20}},"4":{"start":{"line":7,"column":2},"end":{"line":7,"column":null}},"5":{"start":{"line":10,"column":2},"end":{"line":10,"column":null}},"6":{"start":{"line":13,"column":2},"end":{"line":13,"column":null}},"7":{"start":{"line":16,"column":2},"end":{"line":16,"column":null}},"8":{"start":{"line":19,"column":2},"end":{"line":19,"column":null}},"9":{"start":{"line":5,"column":13},"end":{"line":20,"column":null}},"10":{"start":{"line":22,"column":13},"end":{"line":22,"column":67}}},"fnMap":{},"branchMap":{},"s":{"0":0,"1":0,"2":0,"3":0,"4":0,"5":0,"6":0,"7":0,"8":0,"9":0,"10":0},"f":{},"b":{}}
,"/Users/satyamkumarnavneet/Documents/Satyam-Documents/Company-Assignments/Invoice-service/invoice-report-system/src/rabbitmq/rabbitmq.consumer.ts": {"path":"/Users/satyamkumarnavneet/Documents/Satyam-Documents/Company-Assignments/Invoice-service/invoice-report-system/src/rabbitmq/rabbitmq.consumer.ts","statementMap":{"0":{"start":{"line":1,"column":0},"end":{"line":1,"column":44}},"1":{"start":{"line":2,"column":0},"end":{"line":2,"column":61}},"2":{"start":{"line":3,"column":0},"end":{"line":3,"column":74}},"3":{"start":{"line":6,"column":7},"end":{"line":17,"column":null}},"4":{"start":{"line":7,"column":31},"end":{"line":7,"column":51}},"5":{"start":{"line":15,"column":4},"end":{"line":15,"column":64}},"6":{"start":{"line":6,"column":13},"end":{"line":6,"column":29}},"7":{"start":{"line":14,"column":8},"end":{"line":16,"column":null}},"8":{"start":{"line":6,"column":13},"end":{"line":17,"column":null}}},"fnMap":{"0":{"name":"(anonymous_2)","decl":{"start":{"line":7,"column":2},"end":{"line":7,"column":31}},"loc":{"start":{"line":7,"column":69},"end":{"line":7,"column":73}}},"1":{"name":"(anonymous_3)","decl":{"start":{"line":14,"column":2},"end":{"line":14,"column":7}},"loc":{"start":{"line":14,"column":38},"end":{"line":16,"column":3}}}},"branchMap":{},"s":{"0":0,"1":0,"2":0,"3":0,"4":0,"5":0,"6":0,"7":0,"8":0},"f":{"0":0,"1":0},"b":{}}
,"/Users/satyamkumarnavneet/Documents/Satyam-Documents/Company-Assignments/Invoice-service/invoice-report-system/src/rabbitmq/rabbitmq.module.ts": {"path":"/Users/satyamkumarnavneet/Documents/Satyam-Documents/Company-Assignments/Invoice-service/invoice-report-system/src/rabbitmq/rabbitmq.module.ts","statementMap":{"0":{"start":{"line":1,"column":0},"end":{"line":1,"column":40}},"1":{"start":{"line":2,"column":0},"end":{"line":2,"column":82}},"2":{"start":{"line":3,"column":0},"end":{"line":3,"column":53}},"3":{"start":{"line":4,"column":0},"end":{"line":4,"column":55}},"4":{"start":{"line":5,"column":0},"end":{"line":5,"column":72}},"5":{"start":{"line":24,"column":7},"end":{"line":24,"column":null}},"6":{"start":{"line":24,"column":13},"end":{"line":24,"column":27}},"7":{"start":{"line":24,"column":13},"end":{"line":24,"column":null}}},"fnMap":{},"branchMap":{},"s":{"0":0,"1":0,"2":0,"3":0,"4":0,"5":0,"6":0,"7":0},"f":{},"b":{}}
,"/Users/satyamkumarnavneet/Documents/Satyam-Documents/Company-Assignments/Invoice-service/invoice-report-system/src/rabbitmq/rabbitmq.service.ts": {"path":"/Users/satyamkumarnavneet/Documents/Satyam-Documents/Company-Assignments/Invoice-service/invoice-report-system/src/rabbitmq/rabbitmq.service.ts","statementMap":{"0":{"start":{"line":1,"column":0},"end":{"line":1,"column":44}},"1":{"start":{"line":2,"column":0},"end":{"line":2,"column":60}},"2":{"start":{"line":5,"column":7},"end":{"line":11,"column":null}},"3":{"start":{"line":6,"column":31},"end":{"line":6,"column":47}},"4":{"start":{"line":9,"column":4},"end":{"line":9,"column":58}},"5":{"start":{"line":5,"column":13},"end":{"line":5,"column":28}},"6":{"start":{"line":5,"column":13},"end":{"line":11,"column":null}}},"fnMap":{"0":{"name":"(anonymous_2)","decl":{"start":{"line":6,"column":2},"end":{"line":6,"column":31}},"loc":{"start":{"line":6,"column":61},"end":{"line":6,"column":65}}},"1":{"name":"(anonymous_3)","decl":{"start":{"line":8,"column":2},"end":{"line":8,"column":7}},"loc":{"start":{"line":8,"column":50},"end":{"line":10,"column":3}}}},"branchMap":{},"s":{"0":0,"1":0,"2":0,"3":0,"4":0,"5":0,"6":0},"f":{"0":0,"1":0},"b":{}}
,"/Users/satyamkumarnavneet/Documents/Satyam-Documents/Company-Assignments/Invoice-service/invoice-report-system/src/tasks/tasks.module.ts": {"path":"/Users/satyamkumarnavneet/Documents/Satyam-Documents/Company-Assignments/Invoice-service/invoice-report-system/src/tasks/tasks.module.ts","statementMap":{"0":{"start":{"line":1,"column":0},"end":{"line":1,"column":40}},"1":{"start":{"line":2,"column":0},"end":{"line":2,"column":47}},"2":{"start":{"line":3,"column":0},"end":{"line":3,"column":58}},"3":{"start":{"line":4,"column":0},"end":{"line":4,"column":61}},"4":{"start":{"line":11,"column":7},"end":{"line":11,"column":null}},"5":{"start":{"line":11,"column":13},"end":{"line":11,"column":24}},"6":{"start":{"line":11,"column":13},"end":{"line":11,"column":null}}},"fnMap":{},"branchMap":{},"s":{"0":0,"1":0,"2":0,"3":0,"4":0,"5":0,"6":0},"f":{},"b":{}}
,"/Users/satyamkumarnavneet/Documents/Satyam-Documents/Company-Assignments/Invoice-service/invoice-report-system/src/tasks/tasks.service.ts": {"path":"/Users/satyamkumarnavneet/Documents/Satyam-Documents/Company-Assignments/Invoice-service/invoice-report-system/src/tasks/tasks.service.ts","statementMap":{"0":{"start":{"line":1,"column":0},"end":{"line":1,"column":52}},"1":{"start":{"line":2,"column":0},"end":{"line":2,"column":56}},"2":{"start":{"line":3,"column":0},"end":{"line":3,"column":60}},"3":{"start":{"line":4,"column":0},"end":{"line":4,"column":63}},"4":{"start":{"line":7,"column":25},"end":{"line":50,"column":null}},"5":{"start":{"line":11,"column":21},"end":{"line":11,"column":37}},"6":{"start":{"line":12,"column":21},"end":{"line":12,"column":38}},"7":{"start":{"line":8,"column":19},"end":{"line":8,"column":58}},"8":{"start":{"line":17,"column":4},"end":{"line":17,"column":65}},"9":{"start":{"line":18,"column":19},"end":{"line":18,"column":56}},"10":{"start":{"line":19,"column":4},"end":{"line":19,"column":61}},"11":{"start":{"line":21,"column":4},"end":{"line":21,"column":76}},"12":{"start":{"line":22,"column":4},"end":{"line":22,"column":64}},"13":{"start":{"line":26,"column":18},"end":{"line":26,"column":28}},"14":{"start":{"line":27,"column":22},"end":{"line":27,"column":58}},"15":{"start":{"line":28,"column":20},"end":{"line":28,"column":61}},"16":{"start":{"line":30,"column":21},"end":{"line":30,"column":82}},"17":{"start":{"line":32,"column":27},"end":{"line":32,"column":28}},"18":{"start":{"line":33,"column":24},"end":{"line":33,"column":26}},"19":{"start":{"line":35,"column":4},"end":{"line":43,"column":7}},"20":{"start":{"line":36,"column":6},"end":{"line":36,"column":41}},"21":{"start":{"line":37,"column":6},"end":{"line":42,"column":9}},"22":{"start":{"line":38,"column":8},"end":{"line":40,"column":9}},"23":{"start":{"line":39,"column":10},"end":{"line":39,"column":36}},"24":{"start":{"line":41,"column":8},"end":{"line":41,"column":41}},"25":{"start":{"line":45,"column":4},"end":{"line":48,"column":6}},"26":{"start":{"line":7,"column":13},"end":{"line":7,"column":25}},"27":{"start":{"line":16,"column":8},"end":{"line":23,"column":null}},"28":{"start":{"line":7,"column":13},"end":{"line":50,"column":null}}},"fnMap":{"0":{"name":"(anonymous_2)","decl":{"start":{"line":10,"column":2},"end":{"line":10,"column":null}},"loc":{"start":{"line":12,"column":53},"end":{"line":13,"column":6}}},"1":{"name":"(anonymous_3)","decl":{"start":{"line":16,"column":2},"end":{"line":16,"column":7}},"loc":{"start":{"line":16,"column":30},"end":{"line":23,"column":3}}},"2":{"name":"(anonymous_4)","decl":{"start":{"line":25,"column":2},"end":{"line":25,"column":7}},"loc":{"start":{"line":25,"column":32},"end":{"line":49,"column":3}}},"3":{"name":"(anonymous_5)","decl":{"start":{"line":35,"column":21},"end":{"line":35,"column":22}},"loc":{"start":{"line":35,"column":33},"end":{"line":43,"column":5}}},"4":{"name":"(anonymous_6)","decl":{"start":{"line":37,"column":28},"end":{"line":37,"column":29}},"loc":{"start":{"line":37,"column":37},"end":{"line":42,"column":7}}}},"branchMap":{"0":{"loc":{"start":{"line":38,"column":8},"end":{"line":40,"column":9}},"type":"if","locations":[{"start":{"line":38,"column":8},"end":{"line":40,"column":9}}]}},"s":{"0":0,"1":0,"2":0,"3":0,"4":0,"5":0,"6":0,"7":0,"8":0,"9":0,"10":0,"11":0,"12":0,"13":0,"14":0,"15":0,"16":0,"17":0,"18":0,"19":0,"20":0,"21":0,"22":0,"23":0,"24":0,"25":0,"26":0,"27":0,"28":0},"f":{"0":0,"1":0,"2":0,"3":0,"4":0},"b":{"0":[0]}}
}
